Shose_App/app/build/intermediates/manifest_merge_blame_file/debug/manifest-merger-blame-debug-report.txt
1<?xml version="1.0" encoding="utf-8"?>
2<manifest xmlns:android="http://schemas.android.com/apk/res/android"
3    package="edu.fpt.shose_app"
4    android:versionCode="1"
5    android:versionName="1.0" >
6
7    <uses-sdk
8        android:minSdkVersion="21"
8-->src\main\AndroidManifest.xml
9        android:targetSdkVersion="31" />
9-->src\main\AndroidManifest.xml
10
11    <uses-permission android:name="android.permission.INTERNET" />
11-->src\main\AndroidManifest.xml:6:5-67
11-->src\main\AndroidManifest.xml:6:22-64
12
13    <queries>
13-->[com.github.dhaval2404:imagepicker:2.1] AndroidManifest.xml:9:5-19:15
14
15        <!-- Query Camera Packages -->
16        <intent>
16-->[com.github.dhaval2404:imagepicker:2.1] AndroidManifest.xml:12:9-14:18
17            <action android:name="android.media.action.IMAGE_CAPTURE" />
17-->[com.github.dhaval2404:imagepicker:2.1] AndroidManifest.xml:13:13-73
17-->[com.github.dhaval2404:imagepicker:2.1] AndroidManifest.xml:13:21-70
18        </intent>
19        <!-- Query Open Document -->
20        <intent>
20-->[com.github.dhaval2404:imagepicker:2.1] AndroidManifest.xml:16:9-18:18
21            <action android:name="android.intent.action.OPEN_DOCUMENT_TREE" />
21-->[com.github.dhaval2404:imagepicker:2.1] AndroidManifest.xml:17:13-79
21-->[com.github.dhaval2404:imagepicker:2.1] AndroidManifest.xml:17:21-76
22        </intent>
23    </queries>
24
25    <uses-permission android:name="android.permission.ACCESS_NETWORK_STATE" />
25-->[com.google.firebase:firebase-auth:21.3.0] AndroidManifest.xml:26:5-79
25-->[com.google.firebase:firebase-auth:21.3.0] AndroidManifest.xml:26:22-76
26    <uses-permission android:name="android.permission.WAKE_LOCK" />
26-->[com.google.android.gms:play-services-measurement-api:21.2.2] AndroidManifest.xml:24:5-68
26-->[com.google.android.gms:play-services-measurement-api:21.2.2] AndroidManifest.xml:24:22-65
27    <uses-permission android:name="com.google.android.gms.permission.AD_ID" />
27-->[com.google.android.gms:play-services-measurement-api:21.2.2] AndroidManifest.xml:25:5-79
27-->[com.google.android.gms:play-services-measurement-api:21.2.2] AndroidManifest.xml:25:22-76
28    <uses-permission android:name="com.google.android.finsky.permission.BIND_GET_INSTALL_REFERRER_SERVICE" />
28-->[com.google.android.gms:play-services-measurement:21.2.2] AndroidManifest.xml:26:5-110
28-->[com.google.android.gms:play-services-measurement:21.2.2] AndroidManifest.xml:26:22-107
29
30    <permission
30-->[androidx.core:core:1.9.0] AndroidManifest.xml:22:5-24:47
31        android:name="edu.fpt.shose_app.DYNAMIC_RECEIVER_NOT_EXPORTED_PERMISSION"
31-->[androidx.core:core:1.9.0] AndroidManifest.xml:23:9-81
32        android:protectionLevel="signature" />
32-->[androidx.core:core:1.9.0] AndroidManifest.xml:24:9-44
33
34    <uses-permission android:name="edu.fpt.shose_app.DYNAMIC_RECEIVER_NOT_EXPORTED_PERMISSION" />
34-->[androidx.core:core:1.9.0] AndroidManifest.xml:26:5-97
34-->[androidx.core:core:1.9.0] AndroidManifest.xml:26:22-94
35
36    <application
36-->src\main\AndroidManifest.xml:8:5-70:19
37        android:allowBackup="true"
37-->src\main\AndroidManifest.xml:9:9-35
38        android:appComponentFactory="androidx.core.app.CoreComponentFactory"
38-->[androidx.core:core:1.9.0] AndroidManifest.xml:28:18-86
39        android:dataExtractionRules="@xml/data_extraction_rules"
39-->src\main\AndroidManifest.xml:10:9-65
40        android:debuggable="true"
41        android:fullBackupContent="@xml/backup_rules"
41-->src\main\AndroidManifest.xml:11:9-54
42        android:icon="@mipmap/ic_launcher"
42-->src\main\AndroidManifest.xml:12:9-43
43        android:label="@string/app_name"
43-->src\main\AndroidManifest.xml:13:9-41
44        android:networkSecurityConfig="@xml/network_security_config"
44-->src\main\AndroidManifest.xml:14:9-69
45        android:roundIcon="@mipmap/ic_launcher_round"
45-->src\main\AndroidManifest.xml:15:9-54
46        android:supportsRtl="true"
46-->src\main\AndroidManifest.xml:16:9-35
47        android:testOnly="true"
48        android:theme="@style/Theme.Shose_App"
48-->src\main\AndroidManifest.xml:17:9-47
49        android:usesCleartextTraffic="true" >
49-->src\main\AndroidManifest.xml:18:9-44
50        <activity
50-->src\main\AndroidManifest.xml:20:9-22:40
51            android:name="edu.fpt.shose_app.Activity.FavouriteActivity"
51-->src\main\AndroidManifest.xml:21:13-55
52            android:exported="false" />
52-->src\main\AndroidManifest.xml:22:13-37
53        <activity
53-->src\main\AndroidManifest.xml:23:9-25:40
54            android:name="edu.fpt.shose_app.Activity.ProductDetailActivity"
54-->src\main\AndroidManifest.xml:24:13-59
55            android:exported="false" />
55-->src\main\AndroidManifest.xml:25:13-37
56        <activity
56-->src\main\AndroidManifest.xml:26:9-28:48
57            android:name="edu.fpt.shose_app.Activity.HomeActivity"
57-->src\main\AndroidManifest.xml:27:13-50
58            android:exported="true" />
58-->src\main\AndroidManifest.xml:28:13-36
59        <activity
59-->src\main\AndroidManifest.xml:29:9-31:39
60            android:name="edu.fpt.shose_app.Activity.MyCartActivity"
60-->src\main\AndroidManifest.xml:30:13-52
61            android:exported="true" />
61-->src\main\AndroidManifest.xml:31:13-36
62
63        <meta-data
63-->src\main\AndroidManifest.xml:33:9-35:69
64            android:name="com.google.android.gms.version"
64-->src\main\AndroidManifest.xml:34:13-58
65            android:value="@integer/google_play_services_version" />
65-->src\main\AndroidManifest.xml:35:13-66
66
67        <activity
67-->src\main\AndroidManifest.xml:37:9-39:40
68            android:name="edu.fpt.shose_app.Activity.FogetPassActivity"
68-->src\main\AndroidManifest.xml:38:13-55
69            android:exported="false" />
69-->src\main\AndroidManifest.xml:39:13-37
70        <activity
70-->src\main\AndroidManifest.xml:40:9-42:40
71            android:name="edu.fpt.shose_app.Activity.ProfileActivity"
71-->src\main\AndroidManifest.xml:41:13-53
72            android:exported="false" />
72-->src\main\AndroidManifest.xml:42:13-37
73        <activity
73-->src\main\AndroidManifest.xml:43:9-45:39
74            android:name="edu.fpt.shose_app.Activity.SignUpActivity"
74-->src\main\AndroidManifest.xml:44:13-52
75            android:exported="true" />
75-->src\main\AndroidManifest.xml:45:13-36
76        <activity
76-->src\main\AndroidManifest.xml:46:9-48:39
77            android:name="edu.fpt.shose_app.Activity.ChangePassword_activity"
77-->src\main\AndroidManifest.xml:47:13-61
78            android:exported="true" />
78-->src\main\AndroidManifest.xml:48:13-36
79        <activity
79-->src\main\AndroidManifest.xml:49:9-51:48
80            android:name="edu.fpt.shose_app.Activity.SignInActivity"
80-->src\main\AndroidManifest.xml:50:13-52
81            android:exported="true" />
81-->src\main\AndroidManifest.xml:51:13-36
82        <activity
82-->src\main\AndroidManifest.xml:52:9-54:39
83            android:name="edu.fpt.shose_app.Activity.Onboard_Activity"
83-->src\main\AndroidManifest.xml:53:13-54
84            android:exported="true" />
84-->src\main\AndroidManifest.xml:54:13-36
85        <activity
85-->src\main\AndroidManifest.xml:55:9-63:20
86            android:name="edu.fpt.shose_app.Activity.splash_activity"
86-->src\main\AndroidManifest.xml:56:13-53
87            android:exported="true" >
87-->src\main\AndroidManifest.xml:57:13-36
88            <intent-filter>
88-->src\main\AndroidManifest.xml:58:13-62:29
89                <action android:name="android.intent.action.MAIN" />
89-->src\main\AndroidManifest.xml:59:17-69
89-->src\main\AndroidManifest.xml:59:25-66
90
91                <category android:name="android.intent.category.LAUNCHER" />
91-->src\main\AndroidManifest.xml:61:17-77
91-->src\main\AndroidManifest.xml:61:27-74
92            </intent-filter>
93        </activity>
94        <activity
94-->src\main\AndroidManifest.xml:64:9-66:48
95            android:name="edu.fpt.shose_app.MainActivity"
95-->src\main\AndroidManifest.xml:65:13-41
96            android:exported="true" />
96-->src\main\AndroidManifest.xml:66:13-36
97        <activity
97-->src\main\AndroidManifest.xml:67:9-69:40
98            android:name="edu.fpt.shose_app.Activity.Check_Out_MainActivity"
98-->src\main\AndroidManifest.xml:68:13-60
99            android:exported="false" />
99-->src\main\AndroidManifest.xml:69:13-37
100        <activity
100-->[com.github.dhaval2404:imagepicker:2.1] AndroidManifest.xml:22:9-25:68
101            android:name="com.github.dhaval2404.imagepicker.ImagePickerActivity"
101-->[com.github.dhaval2404:imagepicker:2.1] AndroidManifest.xml:23:13-81
102            android:screenOrientation="unspecified"
102-->[com.github.dhaval2404:imagepicker:2.1] AndroidManifest.xml:24:13-52
103            android:theme="@style/Theme.Transparent.ImagePicker" />
103-->[com.github.dhaval2404:imagepicker:2.1] AndroidManifest.xml:25:13-65
104        <activity
104-->[com.github.dhaval2404:imagepicker:2.1] AndroidManifest.xml:26:9-29:72
105            android:name="com.yalantis.ucrop.UCropActivity"
105-->[com.github.dhaval2404:imagepicker:2.1] AndroidManifest.xml:27:13-60
106            android:screenOrientation="portrait"
106-->[com.github.dhaval2404:imagepicker:2.1] AndroidManifest.xml:28:13-49
107            android:theme="@style/Theme.AppCompat.Light.NoActionBar" />
107-->[com.github.dhaval2404:imagepicker:2.1] AndroidManifest.xml:29:13-69
108
109        <provider
109-->[com.github.dhaval2404:imagepicker:2.1] AndroidManifest.xml:31:9-39:20
110            android:name="com.github.dhaval2404.imagepicker.ImagePickerFileProvider"
110-->[com.github.dhaval2404:imagepicker:2.1] AndroidManifest.xml:32:13-85
111            android:authorities="edu.fpt.shose_app.imagepicker.provider"
111-->[com.github.dhaval2404:imagepicker:2.1] AndroidManifest.xml:33:13-72
112            android:exported="false"
112-->[com.github.dhaval2404:imagepicker:2.1] AndroidManifest.xml:34:13-37
113            android:grantUriPermissions="true" >
113-->[com.github.dhaval2404:imagepicker:2.1] AndroidManifest.xml:35:13-47
114            <meta-data
114-->[com.github.dhaval2404:imagepicker:2.1] AndroidManifest.xml:36:13-38:71
115                android:name="android.support.FILE_PROVIDER_PATHS"
115-->[com.github.dhaval2404:imagepicker:2.1] AndroidManifest.xml:37:17-67
116                android:resource="@xml/image_picker_provider_paths" />
116-->[com.github.dhaval2404:imagepicker:2.1] AndroidManifest.xml:38:17-68
117        </provider>
118
119        <activity
119-->[com.google.android.gms:play-services-auth:20.5.0] AndroidManifest.xml:23:9-27:75
120            android:name="com.google.android.gms.auth.api.signin.internal.SignInHubActivity"
120-->[com.google.android.gms:play-services-auth:20.5.0] AndroidManifest.xml:24:13-93
121            android:excludeFromRecents="true"
121-->[com.google.android.gms:play-services-auth:20.5.0] AndroidManifest.xml:25:13-46
122            android:exported="false"
122-->[com.google.android.gms:play-services-auth:20.5.0] AndroidManifest.xml:26:13-37
123            android:theme="@android:style/Theme.Translucent.NoTitleBar" />
123-->[com.google.android.gms:play-services-auth:20.5.0] AndroidManifest.xml:27:13-72
124        <!--
125            Service handling Google Sign-In user revocation. For apps that do not integrate with
126            Google Sign-In, this service will never be started.
127        -->
128        <service
128-->[com.google.android.gms:play-services-auth:20.5.0] AndroidManifest.xml:33:9-37:51
129            android:name="com.google.android.gms.auth.api.signin.RevocationBoundService"
129-->[com.google.android.gms:play-services-auth:20.5.0] AndroidManifest.xml:34:13-89
130            android:exported="true"
130-->[com.google.android.gms:play-services-auth:20.5.0] AndroidManifest.xml:35:13-36
131            android:permission="com.google.android.gms.auth.api.signin.permission.REVOCATION_NOTIFICATION"
131-->[com.google.android.gms:play-services-auth:20.5.0] AndroidManifest.xml:36:13-107
132            android:visibleToInstantApps="true" />
132-->[com.google.android.gms:play-services-auth:20.5.0] AndroidManifest.xml:37:13-48
133
134        <activity
134-->[com.google.firebase:firebase-auth:21.3.0] AndroidManifest.xml:29:9-46:20
135            android:name="com.google.firebase.auth.internal.GenericIdpActivity"
135-->[com.google.firebase:firebase-auth:21.3.0] AndroidManifest.xml:30:13-80
136            android:excludeFromRecents="true"
136-->[com.google.firebase:firebase-auth:21.3.0] AndroidManifest.xml:31:13-46
137            android:exported="true"
137-->[com.google.firebase:firebase-auth:21.3.0] AndroidManifest.xml:32:13-36
138            android:launchMode="singleTask"
138-->[com.google.firebase:firebase-auth:21.3.0] AndroidManifest.xml:33:13-44
139            android:theme="@android:style/Theme.Translucent.NoTitleBar" >
139-->[com.google.firebase:firebase-auth:21.3.0] AndroidManifest.xml:34:13-72
140            <intent-filter>
140-->[com.google.firebase:firebase-auth:21.3.0] AndroidManifest.xml:35:13-45:29
141                <action android:name="android.intent.action.VIEW" />
141-->[com.google.firebase:firebase-auth:21.3.0] AndroidManifest.xml:36:17-69
141-->[com.google.firebase:firebase-auth:21.3.0] AndroidManifest.xml:36:25-66
142
143                <category android:name="android.intent.category.DEFAULT" />
143-->[com.google.firebase:firebase-auth:21.3.0] AndroidManifest.xml:38:17-76
143-->[com.google.firebase:firebase-auth:21.3.0] AndroidManifest.xml:38:27-73
144                <category android:name="android.intent.category.BROWSABLE" />
144-->[com.google.firebase:firebase-auth:21.3.0] AndroidManifest.xml:39:17-78
144-->[com.google.firebase:firebase-auth:21.3.0] AndroidManifest.xml:39:27-75
145
146                <data
146-->[com.google.firebase:firebase-auth:21.3.0] AndroidManifest.xml:41:17-44:51
147                    android:host="firebase.auth"
147-->[com.google.firebase:firebase-auth:21.3.0] AndroidManifest.xml:42:21-49
148                    android:path="/"
148-->[com.google.firebase:firebase-auth:21.3.0] AndroidManifest.xml:43:21-37
149                    android:scheme="genericidp" />
149-->[com.google.firebase:firebase-auth:21.3.0] AndroidManifest.xml:44:21-48
150            </intent-filter>
151        </activity>
152        <activity
152-->[com.google.firebase:firebase-auth:21.3.0] AndroidManifest.xml:47:9-64:20
153            android:name="com.google.firebase.auth.internal.RecaptchaActivity"
153-->[com.google.firebase:firebase-auth:21.3.0] AndroidManifest.xml:48:13-79
154            android:excludeFromRecents="true"
154-->[com.google.firebase:firebase-auth:21.3.0] AndroidManifest.xml:49:13-46
155            android:exported="true"
155-->[com.google.firebase:firebase-auth:21.3.0] AndroidManifest.xml:50:13-36
156            android:launchMode="singleTask"
156-->[com.google.firebase:firebase-auth:21.3.0] AndroidManifest.xml:51:13-44
157            android:theme="@android:style/Theme.Translucent.NoTitleBar" >
157-->[com.google.firebase:firebase-auth:21.3.0] AndroidManifest.xml:52:13-72
158            <intent-filter>
158-->[com.google.firebase:firebase-auth:21.3.0] AndroidManifest.xml:53:13-63:29
159                <action android:name="android.intent.action.VIEW" />
159-->[com.google.firebase:firebase-auth:21.3.0] AndroidManifest.xml:36:17-69
159-->[com.google.firebase:firebase-auth:21.3.0] AndroidManifest.xml:36:25-66
160
161                <category android:name="android.intent.category.DEFAULT" />
161-->[com.google.firebase:firebase-auth:21.3.0] AndroidManifest.xml:38:17-76
161-->[com.google.firebase:firebase-auth:21.3.0] AndroidManifest.xml:38:27-73
162                <category android:name="android.intent.category.BROWSABLE" />
162-->[com.google.firebase:firebase-auth:21.3.0] AndroidManifest.xml:39:17-78
162-->[com.google.firebase:firebase-auth:21.3.0] AndroidManifest.xml:39:27-75
163
164                <data
164-->[com.google.firebase:firebase-auth:21.3.0] AndroidManifest.xml:41:17-44:51
165                    android:host="firebase.auth"
165-->[com.google.firebase:firebase-auth:21.3.0] AndroidManifest.xml:42:21-49
166                    android:path="/"
166-->[com.google.firebase:firebase-auth:21.3.0] AndroidManifest.xml:43:21-37
167                    android:scheme="recaptcha" />
167-->[com.google.firebase:firebase-auth:21.3.0] AndroidManifest.xml:44:21-48
168            </intent-filter>
169        </activity>
170
171        <service
171-->[com.google.firebase:firebase-auth:21.3.0] AndroidManifest.xml:66:9-72:19
172            android:name="com.google.firebase.components.ComponentDiscoveryService"
172-->[com.google.firebase:firebase-auth:21.3.0] AndroidManifest.xml:67:13-84
173            android:directBootAware="true"
173-->[com.google.firebase:firebase-common:20.3.2] AndroidManifest.xml:34:13-43
174            android:exported="false" >
174-->[com.google.firebase:firebase-auth:21.3.0] AndroidManifest.xml:68:13-37
175            <meta-data
175-->[com.google.firebase:firebase-auth:21.3.0] AndroidManifest.xml:69:13-71:85
176                android:name="com.google.firebase.components:com.google.firebase.auth.FirebaseAuthRegistrar"
176-->[com.google.firebase:firebase-auth:21.3.0] AndroidManifest.xml:70:17-109
177                android:value="com.google.firebase.components.ComponentRegistrar" />
177-->[com.google.firebase:firebase-auth:21.3.0] AndroidManifest.xml:71:17-82
178            <meta-data
178-->[com.google.firebase:firebase-analytics-ktx:21.2.2] AndroidManifest.xml:11:13-13:85
179                android:name="com.google.firebase.components:com.google.firebase.analytics.ktx.FirebaseAnalyticsKtxRegistrar"
179-->[com.google.firebase:firebase-analytics-ktx:21.2.2] AndroidManifest.xml:12:17-126
180                android:value="com.google.firebase.components.ComponentRegistrar" />
180-->[com.google.firebase:firebase-analytics-ktx:21.2.2] AndroidManifest.xml:13:17-82
181            <meta-data
181-->[com.google.firebase:firebase-common-ktx:20.3.2] AndroidManifest.xml:14:13-16:85
182                android:name="com.google.firebase.components:com.google.firebase.ktx.FirebaseCommonKtxRegistrar"
182-->[com.google.firebase:firebase-common-ktx:20.3.2] AndroidManifest.xml:15:17-113
183                android:value="com.google.firebase.components.ComponentRegistrar" />
183-->[com.google.firebase:firebase-common-ktx:20.3.2] AndroidManifest.xml:16:17-82
184            <meta-data
184-->[com.google.android.gms:play-services-measurement-api:21.2.2] AndroidManifest.xml:31:13-33:85
185                android:name="com.google.firebase.components:com.google.firebase.analytics.connector.internal.AnalyticsConnectorRegistrar"
185-->[com.google.android.gms:play-services-measurement-api:21.2.2] AndroidManifest.xml:32:17-139
186                android:value="com.google.firebase.components.ComponentRegistrar" />
186-->[com.google.android.gms:play-services-measurement-api:21.2.2] AndroidManifest.xml:33:17-82
187            <meta-data
187-->[com.google.firebase:firebase-installations:17.1.3] AndroidManifest.xml:17:13-19:85
188                android:name="com.google.firebase.components:com.google.firebase.installations.FirebaseInstallationsRegistrar"
188-->[com.google.firebase:firebase-installations:17.1.3] AndroidManifest.xml:18:17-127
189                android:value="com.google.firebase.components.ComponentRegistrar" />
189-->[com.google.firebase:firebase-installations:17.1.3] AndroidManifest.xml:19:17-82
190        </service>
191
192        <activity
192-->[com.google.android.gms:play-services-base:18.0.1] AndroidManifest.xml:20:9-22:45
193            android:name="com.google.android.gms.common.api.GoogleApiActivity"
193-->[com.google.android.gms:play-services-base:18.0.1] AndroidManifest.xml:20:19-85
194            android:exported="false"
194-->[com.google.android.gms:play-services-base:18.0.1] AndroidManifest.xml:22:19-43
195            android:theme="@android:style/Theme.Translucent.NoTitleBar" />
195-->[com.google.android.gms:play-services-base:18.0.1] AndroidManifest.xml:21:19-78
196
197        <provider
197-->[com.google.firebase:firebase-common:20.3.2] AndroidManifest.xml:25:9-30:39
198            android:name="com.google.firebase.provider.FirebaseInitProvider"
198-->[com.google.firebase:firebase-common:20.3.2] AndroidManifest.xml:26:13-77
199            android:authorities="edu.fpt.shose_app.firebaseinitprovider"
199-->[com.google.firebase:firebase-common:20.3.2] AndroidManifest.xml:27:13-72
200            android:directBootAware="true"
200-->[com.google.firebase:firebase-common:20.3.2] AndroidManifest.xml:28:13-43
201            android:exported="false"
201-->[com.google.firebase:firebase-common:20.3.2] AndroidManifest.xml:29:13-37
202            android:initOrder="100" />
202-->[com.google.firebase:firebase-common:20.3.2] AndroidManifest.xml:30:13-36
203
204        <receiver
204-->[com.google.android.gms:play-services-measurement:21.2.2] AndroidManifest.xml:29:9-33:20
205            android:name="com.google.android.gms.measurement.AppMeasurementReceiver"
205-->[com.google.android.gms:play-services-measurement:21.2.2] AndroidManifest.xml:30:13-85
206            android:enabled="true"
206-->[com.google.android.gms:play-services-measurement:21.2.2] AndroidManifest.xml:31:13-35
207            android:exported="false" >
207-->[com.google.android.gms:play-services-measurement:21.2.2] AndroidManifest.xml:32:13-37
208        </receiver>
209
210        <service
210-->[com.google.android.gms:play-services-measurement:21.2.2] AndroidManifest.xml:35:9-38:40
211            android:name="com.google.android.gms.measurement.AppMeasurementService"
211-->[com.google.android.gms:play-services-measurement:21.2.2] AndroidManifest.xml:36:13-84
212            android:enabled="true"
212-->[com.google.android.gms:play-services-measurement:21.2.2] AndroidManifest.xml:37:13-35
213            android:exported="false" />
213-->[com.google.android.gms:play-services-measurement:21.2.2] AndroidManifest.xml:38:13-37
214        <service
214-->[com.google.android.gms:play-services-measurement:21.2.2] AndroidManifest.xml:39:9-43:72
215            android:name="com.google.android.gms.measurement.AppMeasurementJobService"
215-->[com.google.android.gms:play-services-measurement:21.2.2] AndroidManifest.xml:40:13-87
216            android:enabled="true"
216-->[com.google.android.gms:play-services-measurement:21.2.2] AndroidManifest.xml:41:13-35
217            android:exported="false"
217-->[com.google.android.gms:play-services-measurement:21.2.2] AndroidManifest.xml:42:13-37
218            android:permission="android.permission.BIND_JOB_SERVICE" />
218-->[com.google.android.gms:play-services-measurement:21.2.2] AndroidManifest.xml:43:13-69
219
220        <provider
220-->[androidx.emoji2:emoji2:1.2.0] AndroidManifest.xml:24:9-32:20
221            android:name="androidx.startup.InitializationProvider"
221-->[androidx.emoji2:emoji2:1.2.0] AndroidManifest.xml:25:13-67
222            android:authorities="edu.fpt.shose_app.androidx-startup"
222-->[androidx.emoji2:emoji2:1.2.0] AndroidManifest.xml:26:13-68
223            android:exported="false" >
223-->[androidx.emoji2:emoji2:1.2.0] AndroidManifest.xml:27:13-37
224            <meta-data
224-->[androidx.emoji2:emoji2:1.2.0] AndroidManifest.xml:29:13-31:52
225                android:name="androidx.emoji2.text.EmojiCompatInitializer"
225-->[androidx.emoji2:emoji2:1.2.0] AndroidManifest.xml:30:17-75
226                android:value="androidx.startup" />
226-->[androidx.emoji2:emoji2:1.2.0] AndroidManifest.xml:31:17-49
227            <meta-data
227-->[androidx.lifecycle:lifecycle-process:2.4.1] AndroidManifest.xml:31:13-33:52
228                android:name="androidx.lifecycle.ProcessLifecycleInitializer"
228-->[androidx.lifecycle:lifecycle-process:2.4.1] AndroidManifest.xml:32:17-78
229                android:value="androidx.startup" />
229-->[androidx.lifecycle:lifecycle-process:2.4.1] AndroidManifest.xml:33:17-49
230        </provider>
231    </application>
232
233</manifest>